{
  "summary": {
    "outcome": "Failed",
    "testsRan": 1,
    "passing": 0,
    "failing": 1,
    "skipped": 0,
    "passRate": "0%",
    "failRate": "100%",
    "skipRate": "0%",
    "testStartTime": "Sun Apr 10 2022 6:17:25 pm",
    "testExecutionTimeInMs": 256,
    "testTotalTimeInMs": 256,
    "commandTimeInMs": 573,
    "hostname": "https://d5j000000wgrmeac-dev-ed.my.salesforce.com",
    "orgId": "00D5j000000WgrmEAC",
    "username": "vy91616@accenture.com",
    "testRunId": "7075j00001V9cfQ",
    "userId": "0055j000000dDfWAAU"
  },
  "tests": [
    {
      "id": "07M5j0000019E7EEAU",
      "queueItemId": "7095j000000xxGYAAY",
      "stackTrace": "Class.LeadProcessorTest.test: line 17, column 1",
      "message": "System.AssertException: Assertion Failed: Expected: 200, Actual: 0",
      "asyncApexJobId": "7075j00001V9cfQAAR",
      "methodName": "test",
      "outcome": "Fail",
      "apexLogId": "07L5j000006BG1AEAW",
      "apexClass": {
        "id": "01p5j00000LYi1cAAD",
        "name": "LeadProcessorTest",
        "namespacePrefix": null,
        "fullName": "LeadProcessorTest"
      },
      "runTime": 256,
      "testTimestamp": "2022-04-10T12:47:27.000+0000",
      "fullName": "LeadProcessorTest.test",
      "diagnostic": {
        "exceptionMessage": "System.AssertException: Assertion Failed: Expected: 200, Actual: 0",
        "exceptionStackTrace": "Class.LeadProcessorTest.test: line 17, column 1",
        "className": "LeadProcessorTest",
        "compileProblem": "",
        "lineNumber": 17,
        "columnNumber": 1
      }
    }
  ]
}