{
  "summary": {
    "outcome": "Failed",
    "testsRan": 1,
    "passing": 0,
    "failing": 1,
    "skipped": 0,
    "passRate": "0%",
    "failRate": "100%",
    "skipRate": "0%",
    "testStartTime": "Sun Apr 03 2022 12:20:54 am",
    "testExecutionTimeInMs": 50,
    "testTotalTimeInMs": 50,
    "commandTimeInMs": 563,
    "hostname": "https://d5j000000wgrmeac-dev-ed.my.salesforce.com",
    "orgId": "00D5j000000WgrmEAC",
    "username": "vy91616@accenture.com",
    "testRunId": "7075j00001OLimP",
    "userId": "0055j000000dDfWAAU"
  },
  "tests": [
    {
      "id": "07M5j0000018z1GEAQ",
      "queueItemId": "7095j000000xucjAAA",
      "stackTrace": "Class.TemperatureConverterTest.testBoilingPoint: line 13, column 1",
      "message": "System.AssertException: Assertion Failed: Boiling point temperature is not expected.: Expected: 0, Actual: 100.00",
      "asyncApexJobId": "7075j00001OLimPAAT",
      "methodName": "testBoilingPoint",
      "outcome": "Fail",
      "apexLogId": "07L5j000005H2lcEAC",
      "apexClass": {
        "id": "01p5j00000KLYeFAAX",
        "name": "TemperatureConverterTest",
        "namespacePrefix": null,
        "fullName": "TemperatureConverterTest"
      },
      "runTime": 50,
      "testTimestamp": "2022-04-02T18:50:56.000+0000",
      "fullName": "TemperatureConverterTest.testBoilingPoint",
      "diagnostic": {
        "exceptionMessage": "System.AssertException: Assertion Failed: Boiling point temperature is not expected.: Expected: 0, Actual: 100.00",
        "exceptionStackTrace": "Class.TemperatureConverterTest.testBoilingPoint: line 13, column 1",
        "className": "TemperatureConverterTest",
        "compileProblem": "",
        "lineNumber": 13,
        "columnNumber": 1
      }
    }
  ]
}